<?xml version="1.0" encoding="UTF-8"?>
<!-- Generated by org.testng.reporters.JUnitReportReporter -->
<testsuite hostname="LAPTOP-M92ACPEA" failures="0" tests="1" name="testCases.TC_001_AccountRegistrationTest" time="5.410" errors="0" timestamp="2025-04-15T14:49:19 IST" skipped="0">
  <testcase classname="testCases.TC_001_AccountRegistrationTest" name="verify_Account_Registration" time="5.410"/>
</testsuite> <!-- testCases.TC_001_AccountRegistrationTest -->
