<?xml version="1.0" encoding="UTF-8"?>
<!-- Generated by org.testng.reporters.JUnitReportReporter -->
<testsuite hostname="LAPTOP-M92ACPEA" failures="0" tests="1" name="testCases.Tc_002_loginTest" time="3.026" errors="0" timestamp="2025-04-17T20:00:52 IST" skipped="0">
  <testcase classname="testCases.Tc_002_loginTest" name="verify_login" time="3.026"/>
</testsuite> <!-- testCases.Tc_002_loginTest -->
